# JRE version: OpenJDK Runtime Environment (8.0_152-b01) (build 1.8.0_152-release-915-b01)
# Java VM: OpenJDK 64-Bit Server VM (25.152-b01 mixed mode windows-amd64 compressed oops)
Heap:
 PSYoungGen      total 496640K, used 456309K [0x00000000e0000000, 0x0000000100000000, 0x0000000100000000)
  eden space 471040K, 93% used [0x00000000e0000000,0x00000000fad018c0,0x00000000fcc00000)
  from space 25600K, 66% used [0x00000000fe700000,0x00000000ff79bb58,0x0000000100000000)
  to   space 26624K, 0% used [0x00000000fcc00000,0x00000000fcc00000,0x00000000fe600000)
 ParOldGen       total 112640K, used 80858K [0x00000000a0000000, 0x00000000a6e00000, 0x00000000e0000000)
  object space 112640K, 71% used [0x00000000a0000000,0x00000000a4ef69e8,0x00000000a6e00000)
 Metaspace       used 100876K, capacity 107541K, committed 107736K, reserved 1142784K
  class space    used 13054K, capacity 14555K, committed 14592K, reserved 1048576K
GC Heap History (10 events):
Event: 89.894 GC heap before
{Heap before GC invocations=18 (full 4):
 PSYoungGen      total 349184K, used 15077K [0x00000000e0000000, 0x00000000f7300000, 0x0000000100000000)
  eden space 331776K, 0% used [0x00000000e0000000,0x00000000e0000000,0x00000000f4400000)
  from space 17408K, 86% used [0x00000000f6200000,0x00000000f70b9678,0x00000000f7300000)
  to   space 24064K, 0% used [0x00000000f4400000,0x00000000f4400000,0x00000000f5b80000)
 ParOldGen       total 68096K, used 61009K [0x00000000a0000000, 0x00000000a4280000, 0x00000000e0000000)
  object space 68096K, 89% used [0x00000000a0000000,0x00000000a3b94418,0x00000000a4280000)
 Metaspace       used 70906K, capacity 73815K, committed 74072K, reserved 1114112K
  class space    used 9454K, capacity 10244K, committed 10368K, reserved 1048576K
Event: 90.823 GC heap after
Heap after GC invocations=18 (full 4):
 PSYoungGen      total 349184K, used 0K [0x00000000e0000000, 0x00000000f7300000, 0x0000000100000000)
  eden space 331776K, 0% used [0x00000000e0000000,0x00000000e0000000,0x00000000f4400000)
  from space 17408K, 0% used [0x00000000f6200000,0x00000000f6200000,0x00000000f7300000)
  to   space 24064K, 0% used [0x00000000f4400000,0x00000000f4400000,0x00000000f5b80000)
 ParOldGen       total 112640K, used 67276K [0x00000000a0000000, 0x00000000a6e00000, 0x00000000e0000000)
  object space 112640K, 59% used [0x00000000a0000000,0x00000000a41b3210,0x00000000a6e00000)
 Metaspace       used 70906K, capacity 73815K, committed 74072K, reserved 1114112K
  class space    used 9454K, capacity 10244K, committed 10368K, reserved 1048576K
}
Event: 860.404 GC heap before
{Heap before GC invocations=19 (full 4):
 PSYoungGen      total 349184K, used 331776K [0x00000000e0000000, 0x00000000f7300000, 0x0000000100000000)
  eden space 331776K, 100% used [0x00000000e0000000,0x00000000f4400000,0x00000000f4400000)
  from space 17408K, 0% used [0x00000000f6200000,0x00000000f6200000,0x00000000f7300000)
  to   space 24064K, 0% used [0x00000000f4400000,0x00000000f4400000,0x00000000f5b80000)
 ParOldGen       total 112640K, used 67276K [0x00000000a0000000, 0x00000000a6e00000, 0x00000000e0000000)
  object space 112640K, 59% used [0x00000000a0000000,0x00000000a41b3210,0x00000000a6e00000)
 Metaspace       used 75492K, capacity 78983K, committed 79320K, reserved 1118208K
  class space    used 10020K, capacity 10913K, committed 11008K, reserved 1048576K
Event: 860.454 GC heap after
Heap after GC invocations=19 (full 4):
 PSYoungGen      total 355840K, used 12587K [0x00000000e0000000, 0x00000000fd980000, 0x0000000100000000)
  eden space 331776K, 0% used [0x00000000e0000000,0x00000000e0000000,0x00000000f4400000)
  from space 24064K, 52% used [0x00000000f4400000,0x00000000f504afc0,0x00000000f5b80000)
  to   space 23552K, 0% used [0x00000000fc280000,0x00000000fc280000,0x00000000fd980000)
 ParOldGen       total 112640K, used 67284K [0x00000000a0000000, 0x00000000a6e00000, 0x00000000e0000000)
  object space 112640K, 59% used [0x00000000a0000000,0x00000000a41b5210,0x00000000a6e00000)
 Metaspace       used 75492K, capacity 78983K, committed 79320K, reserved 1118208K
  class space    used 10020K, capacity 10913K, committed 11008K, reserved 1048576K
}
Event: 1082.165 GC heap before
{Heap before GC invocations=20 (full 4):
 PSYoungGen      total 355840K, used 344363K [0x00000000e0000000, 0x00000000fd980000, 0x0000000100000000)
  eden space 331776K, 100% used [0x00000000e0000000,0x00000000f4400000,0x00000000f4400000)
  from space 24064K, 52% used [0x00000000f4400000,0x00000000f504afc0,0x00000000f5b80000)
  to   space 23552K, 0% used [0x00000000fc280000,0x00000000fc280000,0x00000000fd980000)
 ParOldGen       total 112640K, used 67284K [0x00000000a0000000, 0x00000000a6e00000, 0x00000000e0000000)
  object space 112640K, 59% used [0x00000000a0000000,0x00000000a41b5210,0x00000000a6e00000)
 Metaspace       used 91866K, capacity 97139K, committed 97240K, reserved 1132544K
  class space    used 12213K, capacity 13488K, committed 13568K, reserved 1048576K
Event: 1083.736 GC heap after
Heap after GC invocations=20 (full 4):
 PSYoungGen      total 451072K, used 22859K [0x00000000e0000000, 0x00000000fd900000, 0x0000000100000000)
  eden space 428032K, 0% used [0x00000000e0000000,0x00000000e0000000,0x00000000fa200000)
  from space 23040K, 99% used [0x00000000fc280000,0x00000000fd8d2c08,0x00000000fd900000)
  to   space 27136K, 0% used [0x00000000fa400000,0x00000000fa400000,0x00000000fbe80000)
 ParOldGen       total 112640K, used 71544K [0x00000000a0000000, 0x00000000a6e00000, 0x00000000e0000000)
  object space 112640K, 63% used [0x00000000a0000000,0x00000000a45de340,0x00000000a6e00000)
 Metaspace       used 91866K, capacity 97139K, committed 97240K, reserved 1132544K
  class space    used 12213K, capacity 13488K, committed 13568K, reserved 1048576K
}
Event: 1244.351 GC heap before
{Heap before GC invocations=21 (full 4):
 PSYoungGen      total 451072K, used 450891K [0x00000000e0000000, 0x00000000fd900000, 0x0000000100000000)
  eden space 428032K, 100% used [0x00000000e0000000,0x00000000fa200000,0x00000000fa200000)
  from space 23040K, 99% used [0x00000000fc280000,0x00000000fd8d2c08,0x00000000fd900000)
  to   space 27136K, 0% used [0x00000000fa400000,0x00000000fa400000,0x00000000fbe80000)
 ParOldGen       total 112640K, used 71544K [0x00000000a0000000, 0x00000000a6e00000, 0x00000000e0000000)
  object space 112640K, 63% used [0x00000000a0000000,0x00000000a45de340,0x00000000a6e00000)
 Metaspace       used 98834K, capacity 104369K, committed 104536K, reserved 1140736K
  class space    used 12883K, capacity 14201K, committed 14208K, reserved 1048576K
Event: 1244.459 GC heap after
Heap after GC invocations=21 (full 4):
 PSYoungGen      total 457216K, used 9372K [0x00000000e0000000, 0x0000000100000000, 0x0000000100000000)
  eden space 430080K, 0% used [0x00000000e0000000,0x00000000e0000000,0x00000000fa400000)
  from space 27136K, 34% used [0x00000000fa400000,0x00000000fad271a8,0x00000000fbe80000)
  to   space 25600K, 0% used [0x00000000fe700000,0x00000000fe700000,0x0000000100000000)
 ParOldGen       total 112640K, used 80850K [0x00000000a0000000, 0x00000000a6e00000, 0x00000000e0000000)
  object space 112640K, 71% used [0x00000000a0000000,0x00000000a4ef49e8,0x00000000a6e00000)
 Metaspace       used 98834K, capacity 104369K, committed 104536K, reserved 1140736K
  class space    used 12883K, capacity 14201K, committed 14208K, reserved 1048576K
}
Event: 1411.873 GC heap before
{Heap before GC invocations=22 (full 4):
 PSYoungGen      total 457216K, used 439452K [0x00000000e0000000, 0x0000000100000000, 0x0000000100000000)
  eden space 430080K, 100% used [0x00000000e0000000,0x00000000fa400000,0x00000000fa400000)
  from space 27136K, 34% used [0x00000000fa400000,0x00000000fad271a8,0x00000000fbe80000)
  to   space 25600K, 0% used [0x00000000fe700000,0x00000000fe700000,0x0000000100000000)
 ParOldGen       total 112640K, used 80850K [0x00000000a0000000, 0x00000000a6e00000, 0x00000000e0000000)
  object space 112640K, 71% used [0x00000000a0000000,0x00000000a4ef49e8,0x00000000a6e00000)
 Metaspace       used 99791K, capacity 105771K, committed 105944K, reserved 1140736K
  class space    used 12957K, capacity 14336K, committed 14336K, reserved 1048576K
Event: 1411.926 GC heap after
Heap after GC invocations=22 (full 4):
 PSYoungGen      total 496640K, used 17006K [0x00000000e0000000, 0x0000000100000000, 0x0000000100000000)
  eden space 471040K, 0% used [0x00000000e0000000,0x00000000e0000000,0x00000000fcc00000)
  from space 25600K, 66% used [0x00000000fe700000,0x00000000ff79bb58,0x0000000100000000)
  to   space 26624K, 0% used [0x00000000fcc00000,0x00000000fcc00000,0x00000000fe600000)
 ParOldGen       total 112640K, used 80858K [0x00000000a0000000, 0x00000000a6e00000, 0x00000000e0000000)
  object space 112640K, 71% used [0x00000000a0000000,0x00000000a4ef69e8,0x00000000a6e00000)
 Metaspace       used 99791K, capacity 105771K, committed 105944K, reserved 1140736K
  class space    used 12957K, capacity 14336K, committed 14336K, reserved 1048576K
}

