# JRE version: OpenJDK Runtime Environment (8.0_152-b01) (build 1.8.0_152-release-915-b01)
# Java VM: OpenJDK 64-Bit Server VM (25.152-b01 mixed mode windows-amd64 compressed oops)
Heap:
 PSYoungGen      total 394240K, used 53492K [0x00000000e0000000, 0x00000000ffb00000, 0x0000000100000000)
  eden space 271872K, 9% used [0x00000000e0000000,0x00000000e1992770,0x00000000f0980000)
  from space 122368K, 22% used [0x00000000f0980000,0x00000000f242ab58,0x00000000f8100000)
  to   space 121344K, 0% used [0x00000000f8480000,0x00000000f8480000,0x00000000ffb00000)
 ParOldGen       total 670720K, used 501232K [0x00000000a0000000, 0x00000000c8f00000, 0x00000000e0000000)
  object space 670720K, 74% used [0x00000000a0000000,0x00000000be97c230,0x00000000c8f00000)
 Metaspace       used 175038K, capacity 181951K, committed 195456K, reserved 1216512K
  class space    used 21519K, capacity 23261K, committed 27520K, reserved 1048576K
GC Heap History (10 events):
Event: 3144.471 GC heap before
{Heap before GC invocations=71 (full 13):
 PSYoungGen      total 395264K, used 302385K [0x00000000e0000000, 0x0000000100000000, 0x0000000100000000)
  eden space 266240K, 100% used [0x00000000e0000000,0x00000000f0400000,0x00000000f0400000)
  from space 129024K, 28% used [0x00000000f0400000,0x00000000f274c7b0,0x00000000f8200000)
  to   space 126976K, 0% used [0x00000000f8400000,0x00000000f8400000,0x0000000100000000)
 ParOldGen       total 604160K, used 505736K [0x00000000a0000000, 0x00000000c4e00000, 0x00000000e0000000)
  object space 604160K, 83% used [0x00000000a0000000,0x00000000bede21a8,0x00000000c4e00000)
 Metaspace       used 186268K, capacity 193709K, committed 196480K, reserved 1218560K
  class space    used 23121K, capacity 24986K, committed 27520K, reserved 1048576K
Event: 3144.679 GC heap after
Heap after GC invocations=71 (full 13):
 PSYoungGen      total 394240K, used 82079K [0x00000000e0000000, 0x0000000100000000, 0x0000000100000000)
  eden space 267264K, 0% used [0x00000000e0000000,0x00000000e0000000,0x00000000f0500000)
  from space 126976K, 64% used [0x00000000f8400000,0x00000000fd427fc8,0x0000000100000000)
  to   space 128512K, 0% used [0x00000000f0500000,0x00000000f0500000,0x00000000f8280000)
 ParOldGen       total 604160K, used 521674K [0x00000000a0000000, 0x00000000c4e00000, 0x00000000e0000000)
  object space 604160K, 86% used [0x00000000a0000000,0x00000000bfd72ab0,0x00000000c4e00000)
 Metaspace       used 186268K, capacity 193709K, committed 196480K, reserved 1218560K
  class space    used 23121K, capacity 24986K, committed 27520K, reserved 1048576K
}
Event: 3146.595 GC heap before
{Heap before GC invocations=72 (full 13):
 PSYoungGen      total 394240K, used 349343K [0x00000000e0000000, 0x0000000100000000, 0x0000000100000000)
  eden space 267264K, 100% used [0x00000000e0000000,0x00000000f0500000,0x00000000f0500000)
  from space 126976K, 64% used [0x00000000f8400000,0x00000000fd427fc8,0x0000000100000000)
  to   space 128512K, 0% used [0x00000000f0500000,0x00000000f0500000,0x00000000f8280000)
 ParOldGen       total 604160K, used 521674K [0x00000000a0000000, 0x00000000c4e00000, 0x00000000e0000000)
  object space 604160K, 86% used [0x00000000a0000000,0x00000000bfd72ab0,0x00000000c4e00000)
 Metaspace       used 186312K, capacity 193779K, committed 196480K, reserved 1218560K
  class space    used 23122K, capacity 24987K, committed 27520K, reserved 1048576K
Event: 3146.721 GC heap after
Heap after GC invocations=72 (full 13):
 PSYoungGen      total 307200K, used 39482K [0x00000000e0000000, 0x00000000ffb80000, 0x0000000100000000)
  eden space 267264K, 0% used [0x00000000e0000000,0x00000000e0000000,0x00000000f0500000)
  from space 39936K, 98% used [0x00000000f0500000,0x00000000f2b8ea10,0x00000000f2c00000)
  to   space 125440K, 0% used [0x00000000f8100000,0x00000000f8100000,0x00000000ffb80000)
 ParOldGen       total 604160K, used 545574K [0x00000000a0000000, 0x00000000c4e00000, 0x00000000e0000000)
  object space 604160K, 90% used [0x00000000a0000000,0x00000000c14c9bf8,0x00000000c4e00000)
 Metaspace       used 186312K, capacity 193779K, committed 196480K, reserved 1218560K
  class space    used 23122K, capacity 24987K, committed 27520K, reserved 1048576K
}
Event: 3298.359 GC heap before
{Heap before GC invocations=73 (full 13):
 PSYoungGen      total 307200K, used 306746K [0x00000000e0000000, 0x00000000ffb80000, 0x0000000100000000)
  eden space 267264K, 100% used [0x00000000e0000000,0x00000000f0500000,0x00000000f0500000)
  from space 39936K, 98% used [0x00000000f0500000,0x00000000f2b8ea10,0x00000000f2c00000)
  to   space 125440K, 0% used [0x00000000f8100000,0x00000000f8100000,0x00000000ffb80000)
 ParOldGen       total 604160K, used 545574K [0x00000000a0000000, 0x00000000c4e00000, 0x00000000e0000000)
  object space 604160K, 90% used [0x00000000a0000000,0x00000000c14c9bf8,0x00000000c4e00000)
 Metaspace       used 187475K, capacity 195035K, committed 197504K, reserved 1218560K
  class space    used 23245K, capacity 25171K, committed 27520K, reserved 1048576K
Event: 3298.859 GC heap after
Heap after GC invocations=73 (full 13):
 PSYoungGen      total 397312K, used 39746K [0x00000000e0000000, 0x0000000100000000, 0x0000000100000000)
  eden space 271872K, 0% used [0x00000000e0000000,0x00000000e0000000,0x00000000f0980000)
  from space 125440K, 31% used [0x00000000f8100000,0x00000000fa7d0a40,0x00000000ffb80000)
  to   space 122368K, 0% used [0x00000000f0980000,0x00000000f0980000,0x00000000f8100000)
 ParOldGen       total 604160K, used 585062K [0x00000000a0000000, 0x00000000c4e00000, 0x00000000e0000000)
  object space 604160K, 96% used [0x00000000a0000000,0x00000000c3b59868,0x00000000c4e00000)
 Metaspace       used 187475K, capacity 195035K, committed 197504K, reserved 1218560K
  class space    used 23245K, capacity 25171K, committed 27520K, reserved 1048576K
}
Event: 3298.859 GC heap before
{Heap before GC invocations=74 (full 14):
 PSYoungGen      total 397312K, used 39746K [0x00000000e0000000, 0x0000000100000000, 0x0000000100000000)
  eden space 271872K, 0% used [0x00000000e0000000,0x00000000e0000000,0x00000000f0980000)
  from space 125440K, 31% used [0x00000000f8100000,0x00000000fa7d0a40,0x00000000ffb80000)
  to   space 122368K, 0% used [0x00000000f0980000,0x00000000f0980000,0x00000000f8100000)
 ParOldGen       total 604160K, used 585062K [0x00000000a0000000, 0x00000000c4e00000, 0x00000000e0000000)
  object space 604160K, 96% used [0x00000000a0000000,0x00000000c3b59868,0x00000000c4e00000)
 Metaspace       used 187475K, capacity 195035K, committed 197504K, reserved 1218560K
  class space    used 23245K, capacity 25171K, committed 27520K, reserved 1048576K
Event: 3303.292 GC heap after
Heap after GC invocations=74 (full 14):
 PSYoungGen      total 397312K, used 0K [0x00000000e0000000, 0x0000000100000000, 0x0000000100000000)
  eden space 271872K, 0% used [0x00000000e0000000,0x00000000e0000000,0x00000000f0980000)
  from space 125440K, 0% used [0x00000000f8100000,0x00000000f8100000,0x00000000ffb80000)
  to   space 122368K, 0% used [0x00000000f0980000,0x00000000f0980000,0x00000000f8100000)
 ParOldGen       total 670720K, used 501224K [0x00000000a0000000, 0x00000000c8f00000, 0x00000000e0000000)
  object space 670720K, 74% used [0x00000000a0000000,0x00000000be97a230,0x00000000c8f00000)
 Metaspace       used 173085K, capacity 179885K, committed 195456K, reserved 1216512K
  class space    used 21330K, capacity 23044K, committed 27520K, reserved 1048576K
}
Event: 3533.777 GC heap before
{Heap before GC invocations=75 (full 14):
 PSYoungGen      total 397312K, used 271872K [0x00000000e0000000, 0x0000000100000000, 0x0000000100000000)
  eden space 271872K, 100% used [0x00000000e0000000,0x00000000f0980000,0x00000000f0980000)
  from space 125440K, 0% used [0x00000000f8100000,0x00000000f8100000,0x00000000ffb80000)
  to   space 122368K, 0% used [0x00000000f0980000,0x00000000f0980000,0x00000000f8100000)
 ParOldGen       total 670720K, used 501224K [0x00000000a0000000, 0x00000000c8f00000, 0x00000000e0000000)
  object space 670720K, 74% used [0x00000000a0000000,0x00000000be97a230,0x00000000c8f00000)
 Metaspace       used 175037K, capacity 181951K, committed 195456K, reserved 1216512K
  class space    used 21519K, capacity 23261K, committed 27520K, reserved 1048576K
Event: 3533.902 GC heap after
Heap after GC invocations=75 (full 14):
 PSYoungGen      total 394240K, used 27306K [0x00000000e0000000, 0x00000000ffb00000, 0x0000000100000000)
  eden space 271872K, 0% used [0x00000000e0000000,0x00000000e0000000,0x00000000f0980000)
  from space 122368K, 22% used [0x00000000f0980000,0x00000000f242ab58,0x00000000f8100000)
  to   space 121344K, 0% used [0x00000000f8480000,0x00000000f8480000,0x00000000ffb00000)
 ParOldGen       total 670720K, used 501232K [0x00000000a0000000, 0x00000000c8f00000, 0x00000000e0000000)
  object space 670720K, 74% used [0x00000000a0000000,0x00000000be97c230,0x00000000c8f00000)
 Metaspace       used 175037K, capacity 181951K, committed 195456K, reserved 1216512K
  class space    used 21519K, capacity 23261K, committed 27520K, reserved 1048576K
}

