# JRE version: OpenJDK Runtime Environment (8.0_152-b01) (build 1.8.0_152-release-915-b01)
# Java VM: OpenJDK 64-Bit Server VM (25.152-b01 mixed mode windows-amd64 compressed oops)
Heap:
 PSYoungGen      total 228352K, used 17118K [0x00000000e0000000, 0x00000000f3500000, 0x0000000100000000)
  eden space 205312K, 8% used [0x00000000e0000000,0x00000000e10b78a8,0x00000000ec880000)
  from space 23040K, 0% used [0x00000000ec880000,0x00000000ec880000,0x00000000edf00000)
  to   space 23040K, 0% used [0x00000000f1e80000,0x00000000f1e80000,0x00000000f3500000)
 ParOldGen       total 91136K, used 34648K [0x00000000a0000000, 0x00000000a5900000, 0x00000000e0000000)
  object space 91136K, 38% used [0x00000000a0000000,0x00000000a21d6350,0x00000000a5900000)
 Metaspace       used 57468K, capacity 59244K, committed 59284K, reserved 1099776K
  class space    used 7789K, capacity 8192K, committed 8192K, reserved 1048576K
GC Heap History (10 events):
Event: 19.552 GC heap before
{Heap before GC invocations=10 (full 2):
 PSYoungGen      total 174080K, used 9981K [0x00000000e0000000, 0x00000000ed180000, 0x0000000100000000)
  eden space 161792K, 0% used [0x00000000e0000000,0x00000000e0000000,0x00000000e9e00000)
  from space 12288K, 81% used [0x00000000eab00000,0x00000000eb4bf730,0x00000000eb700000)
  to   space 13312K, 0% used [0x00000000e9e00000,0x00000000e9e00000,0x00000000eab00000)
 ParOldGen       total 40960K, used 11834K [0x00000000a0000000, 0x00000000a2800000, 0x00000000e0000000)
  object space 40960K, 28% used [0x00000000a0000000,0x00000000a0b8eaf0,0x00000000a2800000)
 Metaspace       used 34685K, capacity 35288K, committed 35416K, reserved 1079296K
  class space    used 4732K, capacity 4956K, committed 4992K, reserved 1048576K
Event: 19.737 GC heap after
Heap after GC invocations=10 (full 2):
 PSYoungGen      total 174080K, used 0K [0x00000000e0000000, 0x00000000ed180000, 0x0000000100000000)
  eden space 161792K, 0% used [0x00000000e0000000,0x00000000e0000000,0x00000000e9e00000)
  from space 12288K, 0% used [0x00000000eab00000,0x00000000eab00000,0x00000000eb700000)
  to   space 13312K, 0% used [0x00000000e9e00000,0x00000000e9e00000,0x00000000eab00000)
 ParOldGen       total 54784K, used 16346K [0x00000000a0000000, 0x00000000a3580000, 0x00000000e0000000)
  object space 54784K, 29% used [0x00000000a0000000,0x00000000a0ff69a0,0x00000000a3580000)
 Metaspace       used 34685K, capacity 35288K, committed 35416K, reserved 1079296K
  class space    used 4732K, capacity 4956K, committed 4992K, reserved 1048576K
}
Event: 25.352 GC heap before
{Heap before GC invocations=11 (full 2):
 PSYoungGen      total 174080K, used 161792K [0x00000000e0000000, 0x00000000ed180000, 0x0000000100000000)
  eden space 161792K, 100% used [0x00000000e0000000,0x00000000e9e00000,0x00000000e9e00000)
  from space 12288K, 0% used [0x00000000eab00000,0x00000000eab00000,0x00000000eb700000)
  to   space 13312K, 0% used [0x00000000e9e00000,0x00000000e9e00000,0x00000000eab00000)
 ParOldGen       total 54784K, used 16346K [0x00000000a0000000, 0x00000000a3580000, 0x00000000e0000000)
  object space 54784K, 29% used [0x00000000a0000000,0x00000000a0ff69a0,0x00000000a3580000)
 Metaspace       used 44348K, capacity 45314K, committed 45400K, reserved 1089536K
  class space    used 5934K, capacity 6247K, committed 6272K, reserved 1048576K
Event: 25.396 GC heap after
Heap after GC invocations=11 (full 2):
 PSYoungGen      total 175104K, used 13298K [0x00000000e0000000, 0x00000000eef80000, 0x0000000100000000)
  eden space 161792K, 0% used [0x00000000e0000000,0x00000000e0000000,0x00000000e9e00000)
  from space 13312K, 99% used [0x00000000e9e00000,0x00000000eaafc848,0x00000000eab00000)
  to   space 16896K, 0% used [0x00000000edf00000,0x00000000edf00000,0x00000000eef80000)
 ParOldGen       total 54784K, used 20535K [0x00000000a0000000, 0x00000000a3580000, 0x00000000e0000000)
  object space 54784K, 37% used [0x00000000a0000000,0x00000000a140df50,0x00000000a3580000)
 Metaspace       used 44348K, capacity 45314K, committed 45400K, reserved 1089536K
  class space    used 5934K, capacity 6247K, committed 6272K, reserved 1048576K
}
Event: 32.479 GC heap before
{Heap before GC invocations=12 (full 2):
 PSYoungGen      total 175104K, used 175090K [0x00000000e0000000, 0x00000000eef80000, 0x0000000100000000)
  eden space 161792K, 100% used [0x00000000e0000000,0x00000000e9e00000,0x00000000e9e00000)
  from space 13312K, 99% used [0x00000000e9e00000,0x00000000eaafc848,0x00000000eab00000)
  to   space 16896K, 0% used [0x00000000edf00000,0x00000000edf00000,0x00000000eef80000)
 ParOldGen       total 54784K, used 20535K [0x00000000a0000000, 0x00000000a3580000, 0x00000000e0000000)
  object space 54784K, 37% used [0x00000000a0000000,0x00000000a140df50,0x00000000a3580000)
 Metaspace       used 56815K, capacity 58558K, committed 58840K, reserved 1099776K
  class space    used 7729K, capacity 8157K, committed 8192K, reserved 1048576K
Event: 32.555 GC heap after
Heap after GC invocations=12 (full 2):
 PSYoungGen      total 222208K, used 16893K [0x00000000e0000000, 0x00000000efa00000, 0x0000000100000000)
  eden space 205312K, 0% used [0x00000000e0000000,0x00000000e0000000,0x00000000ec880000)
  from space 16896K, 99% used [0x00000000edf00000,0x00000000eef7f530,0x00000000eef80000)
  to   space 23040K, 0% used [0x00000000ec880000,0x00000000ec880000,0x00000000edf00000)
 ParOldGen       total 54784K, used 30865K [0x00000000a0000000, 0x00000000a3580000, 0x00000000e0000000)
  object space 54784K, 56% used [0x00000000a0000000,0x00000000a1e24458,0x00000000a3580000)
 Metaspace       used 56815K, capacity 58558K, committed 58840K, reserved 1099776K
  class space    used 7729K, capacity 8157K, committed 8192K, reserved 1048576K
}
Event: 34.271 GC heap before
{Heap before GC invocations=13 (full 2):
 PSYoungGen      total 222208K, used 48109K [0x00000000e0000000, 0x00000000efa00000, 0x0000000100000000)
  eden space 205312K, 15% used [0x00000000e0000000,0x00000000e1e7c1c0,0x00000000ec880000)
  from space 16896K, 99% used [0x00000000edf00000,0x00000000eef7f530,0x00000000eef80000)
  to   space 23040K, 0% used [0x00000000ec880000,0x00000000ec880000,0x00000000edf00000)
 ParOldGen       total 54784K, used 30865K [0x00000000a0000000, 0x00000000a3580000, 0x00000000e0000000)
  object space 54784K, 56% used [0x00000000a0000000,0x00000000a1e24458,0x00000000a3580000)
 Metaspace       used 57188K, capacity 58948K, committed 59028K, reserved 1099776K
  class space    used 7750K, capacity 8158K, committed 8192K, reserved 1048576K
Event: 34.311 GC heap after
Heap after GC invocations=13 (full 2):
 PSYoungGen      total 228352K, used 1760K [0x00000000e0000000, 0x00000000f3500000, 0x0000000100000000)
  eden space 205312K, 0% used [0x00000000e0000000,0x00000000e0000000,0x00000000ec880000)
  from space 23040K, 7% used [0x00000000ec880000,0x00000000eca38000,0x00000000edf00000)
  to   space 23040K, 0% used [0x00000000f1e80000,0x00000000f1e80000,0x00000000f3500000)
 ParOldGen       total 54784K, used 47633K [0x00000000a0000000, 0x00000000a3580000, 0x00000000e0000000)
  object space 54784K, 86% used [0x00000000a0000000,0x00000000a2e847c8,0x00000000a3580000)
 Metaspace       used 57188K, capacity 58948K, committed 59028K, reserved 1099776K
  class space    used 7750K, capacity 8158K, committed 8192K, reserved 1048576K
}
Event: 34.311 GC heap before
{Heap before GC invocations=14 (full 3):
 PSYoungGen      total 228352K, used 1760K [0x00000000e0000000, 0x00000000f3500000, 0x0000000100000000)
  eden space 205312K, 0% used [0x00000000e0000000,0x00000000e0000000,0x00000000ec880000)
  from space 23040K, 7% used [0x00000000ec880000,0x00000000eca38000,0x00000000edf00000)
  to   space 23040K, 0% used [0x00000000f1e80000,0x00000000f1e80000,0x00000000f3500000)
 ParOldGen       total 54784K, used 47633K [0x00000000a0000000, 0x00000000a3580000, 0x00000000e0000000)
  object space 54784K, 86% used [0x00000000a0000000,0x00000000a2e847c8,0x00000000a3580000)
 Metaspace       used 57188K, capacity 58948K, committed 59028K, reserved 1099776K
  class space    used 7750K, capacity 8158K, committed 8192K, reserved 1048576K
Event: 34.875 GC heap after
Heap after GC invocations=14 (full 3):
 PSYoungGen      total 228352K, used 0K [0x00000000e0000000, 0x00000000f3500000, 0x0000000100000000)
  eden space 205312K, 0% used [0x00000000e0000000,0x00000000e0000000,0x00000000ec880000)
  from space 23040K, 0% used [0x00000000ec880000,0x00000000ec880000,0x00000000edf00000)
  to   space 23040K, 0% used [0x00000000f1e80000,0x00000000f1e80000,0x00000000f3500000)
 ParOldGen       total 91136K, used 34648K [0x00000000a0000000, 0x00000000a5900000, 0x00000000e0000000)
  object space 91136K, 38% used [0x00000000a0000000,0x00000000a21d6350,0x00000000a5900000)
 Metaspace       used 57188K, capacity 58948K, committed 59028K, reserved 1099776K
  class space    used 7750K, capacity 8158K, committed 8192K, reserved 1048576K
}

