# JRE version: OpenJDK Runtime Environment (8.0_152-b01) (build 1.8.0_152-release-915-b01)
# Java VM: OpenJDK 64-Bit Server VM (25.152-b01 mixed mode windows-amd64 compressed oops)
Heap:
 PSYoungGen      total 295936K, used 100067K [0x00000000e0000000, 0x00000000f3280000, 0x0000000100000000)
  eden space 278016K, 31% used [0x00000000e0000000,0x00000000e55746a8,0x00000000f0f80000)
  from space 17920K, 70% used [0x00000000f2100000,0x00000000f2d448a8,0x00000000f3280000)
  to   space 17920K, 0% used [0x00000000f0f80000,0x00000000f0f80000,0x00000000f2100000)
 ParOldGen       total 103936K, used 56345K [0x00000000a0000000, 0x00000000a6580000, 0x00000000e0000000)
  object space 103936K, 54% used [0x00000000a0000000,0x00000000a3706448,0x00000000a6580000)
 Metaspace       used 99470K, capacity 105709K, committed 105816K, reserved 1140736K
  class space    used 12590K, capacity 13916K, committed 13952K, reserved 1048576K
GC Heap History (10 events):
Event: 1652.735 GC heap before
{Heap before GC invocations=34 (full 4):
 PSYoungGen      total 275968K, used 261522K [0x00000000e0000000, 0x00000000f2780000, 0x0000000100000000)
  eden space 255488K, 100% used [0x00000000e0000000,0x00000000ef980000,0x00000000ef980000)
  from space 20480K, 29% used [0x00000000ef980000,0x00000000eff64b78,0x00000000f0d80000)
  to   space 19968K, 0% used [0x00000000f1400000,0x00000000f1400000,0x00000000f2780000)
 ParOldGen       total 103936K, used 56313K [0x00000000a0000000, 0x00000000a6580000, 0x00000000e0000000)
  object space 103936K, 54% used [0x00000000a0000000,0x00000000a36fe448,0x00000000a6580000)
 Metaspace       used 93934K, capacity 99783K, committed 100056K, reserved 1136640K
  class space    used 12003K, capacity 13255K, committed 13312K, reserved 1048576K
Event: 1652.971 GC heap after
Heap after GC invocations=34 (full 4):
 PSYoungGen      total 283136K, used 10800K [0x00000000e0000000, 0x00000000f2c00000, 0x0000000100000000)
  eden space 263168K, 0% used [0x00000000e0000000,0x00000000e0000000,0x00000000f0100000)
  from space 19968K, 54% used [0x00000000f1400000,0x00000000f1e8c390,0x00000000f2780000)
  to   space 19456K, 0% used [0x00000000f0100000,0x00000000f0100000,0x00000000f1400000)
 ParOldGen       total 103936K, used 56321K [0x00000000a0000000, 0x00000000a6580000, 0x00000000e0000000)
  object space 103936K, 54% used [0x00000000a0000000,0x00000000a3700448,0x00000000a6580000)
 Metaspace       used 93934K, capacity 99783K, committed 100056K, reserved 1136640K
  class space    used 12003K, capacity 13255K, committed 13312K, reserved 1048576K
}
Event: 1993.660 GC heap before
{Heap before GC invocations=35 (full 4):
 PSYoungGen      total 283136K, used 273968K [0x00000000e0000000, 0x00000000f2c00000, 0x0000000100000000)
  eden space 263168K, 100% used [0x00000000e0000000,0x00000000f0100000,0x00000000f0100000)
  from space 19968K, 54% used [0x00000000f1400000,0x00000000f1e8c390,0x00000000f2780000)
  to   space 19456K, 0% used [0x00000000f0100000,0x00000000f0100000,0x00000000f1400000)
 ParOldGen       total 103936K, used 56321K [0x00000000a0000000, 0x00000000a6580000, 0x00000000e0000000)
  object space 103936K, 54% used [0x00000000a0000000,0x00000000a3700448,0x00000000a6580000)
 Metaspace       used 94292K, capacity 100299K, committed 100440K, reserved 1136640K
  class space    used 12027K, capacity 13317K, committed 13440K, reserved 1048576K
Event: 1993.748 GC heap after
Heap after GC invocations=35 (full 4):
 PSYoungGen      total 282624K, used 9740K [0x00000000e0000000, 0x00000000f2f80000, 0x0000000100000000)
  eden space 263168K, 0% used [0x00000000e0000000,0x00000000e0000000,0x00000000f0100000)
  from space 19456K, 50% used [0x00000000f0100000,0x00000000f0a832b8,0x00000000f1400000)
  to   space 18432K, 0% used [0x00000000f1d80000,0x00000000f1d80000,0x00000000f2f80000)
 ParOldGen       total 103936K, used 56321K [0x00000000a0000000, 0x00000000a6580000, 0x00000000e0000000)
  object space 103936K, 54% used [0x00000000a0000000,0x00000000a3700448,0x00000000a6580000)
 Metaspace       used 94292K, capacity 100299K, committed 100440K, reserved 1136640K
  class space    used 12027K, capacity 13317K, committed 13440K, reserved 1048576K
}
Event: 2125.716 GC heap before
{Heap before GC invocations=36 (full 4):
 PSYoungGen      total 282624K, used 272908K [0x00000000e0000000, 0x00000000f2f80000, 0x0000000100000000)
  eden space 263168K, 100% used [0x00000000e0000000,0x00000000f0100000,0x00000000f0100000)
  from space 19456K, 50% used [0x00000000f0100000,0x00000000f0a832b8,0x00000000f1400000)
  to   space 18432K, 0% used [0x00000000f1d80000,0x00000000f1d80000,0x00000000f2f80000)
 ParOldGen       total 103936K, used 56321K [0x00000000a0000000, 0x00000000a6580000, 0x00000000e0000000)
  object space 103936K, 54% used [0x00000000a0000000,0x00000000a3700448,0x00000000a6580000)
 Metaspace       used 94587K, capacity 100693K, committed 100952K, reserved 1136640K
  class space    used 12039K, capacity 13358K, committed 13440K, reserved 1048576K
Event: 2125.764 GC heap after
Heap after GC invocations=36 (full 4):
 PSYoungGen      total 287232K, used 10155K [0x00000000e0000000, 0x00000000f2c80000, 0x0000000100000000)
  eden space 271872K, 0% used [0x00000000e0000000,0x00000000e0000000,0x00000000f0980000)
  from space 15360K, 66% used [0x00000000f1d80000,0x00000000f276af98,0x00000000f2c80000)
  to   space 17920K, 0% used [0x00000000f0980000,0x00000000f0980000,0x00000000f1b00000)
 ParOldGen       total 103936K, used 56329K [0x00000000a0000000, 0x00000000a6580000, 0x00000000e0000000)
  object space 103936K, 54% used [0x00000000a0000000,0x00000000a3702448,0x00000000a6580000)
 Metaspace       used 94587K, capacity 100693K, committed 100952K, reserved 1136640K
  class space    used 12039K, capacity 13358K, committed 13440K, reserved 1048576K
}
Event: 2243.698 GC heap before
{Heap before GC invocations=37 (full 4):
 PSYoungGen      total 287232K, used 282027K [0x00000000e0000000, 0x00000000f2c80000, 0x0000000100000000)
  eden space 271872K, 100% used [0x00000000e0000000,0x00000000f0980000,0x00000000f0980000)
  from space 15360K, 66% used [0x00000000f1d80000,0x00000000f276af98,0x00000000f2c80000)
  to   space 17920K, 0% used [0x00000000f0980000,0x00000000f0980000,0x00000000f1b00000)
 ParOldGen       total 103936K, used 56329K [0x00000000a0000000, 0x00000000a6580000, 0x00000000e0000000)
  object space 103936K, 54% used [0x00000000a0000000,0x00000000a3702448,0x00000000a6580000)
 Metaspace       used 94826K, capacity 101011K, committed 101208K, reserved 1136640K
  class space    used 12051K, capacity 13399K, committed 13440K, reserved 1048576K
Event: 2243.786 GC heap after
Heap after GC invocations=37 (full 4):
 PSYoungGen      total 289792K, used 6706K [0x00000000e0000000, 0x00000000f3280000, 0x0000000100000000)
  eden space 271872K, 0% used [0x00000000e0000000,0x00000000e0000000,0x00000000f0980000)
  from space 17920K, 37% used [0x00000000f0980000,0x00000000f100ca60,0x00000000f1b00000)
  to   space 17920K, 0% used [0x00000000f2100000,0x00000000f2100000,0x00000000f3280000)
 ParOldGen       total 103936K, used 56337K [0x00000000a0000000, 0x00000000a6580000, 0x00000000e0000000)
  object space 103936K, 54% used [0x00000000a0000000,0x00000000a3704448,0x00000000a6580000)
 Metaspace       used 94826K, capacity 101011K, committed 101208K, reserved 1136640K
  class space    used 12051K, capacity 13399K, committed 13440K, reserved 1048576K
}
Event: 2278.108 GC heap before
{Heap before GC invocations=38 (full 4):
 PSYoungGen      total 289792K, used 278578K [0x00000000e0000000, 0x00000000f3280000, 0x0000000100000000)
  eden space 271872K, 100% used [0x00000000e0000000,0x00000000f0980000,0x00000000f0980000)
  from space 17920K, 37% used [0x00000000f0980000,0x00000000f100ca60,0x00000000f1b00000)
  to   space 17920K, 0% used [0x00000000f2100000,0x00000000f2100000,0x00000000f3280000)
 ParOldGen       total 103936K, used 56337K [0x00000000a0000000, 0x00000000a6580000, 0x00000000e0000000)
  object space 103936K, 54% used [0x00000000a0000000,0x00000000a3704448,0x00000000a6580000)
 Metaspace       used 98545K, capacity 104783K, committed 105048K, reserved 1140736K
  class space    used 12484K, capacity 13831K, committed 13952K, reserved 1048576K
Event: 2278.185 GC heap after
Heap after GC invocations=38 (full 4):
 PSYoungGen      total 295936K, used 12562K [0x00000000e0000000, 0x00000000f3280000, 0x0000000100000000)
  eden space 278016K, 0% used [0x00000000e0000000,0x00000000e0000000,0x00000000f0f80000)
  from space 17920K, 70% used [0x00000000f2100000,0x00000000f2d448a8,0x00000000f3280000)
  to   space 17920K, 0% used [0x00000000f0f80000,0x00000000f0f80000,0x00000000f2100000)
 ParOldGen       total 103936K, used 56345K [0x00000000a0000000, 0x00000000a6580000, 0x00000000e0000000)
  object space 103936K, 54% used [0x00000000a0000000,0x00000000a3706448,0x00000000a6580000)
 Metaspace       used 98545K, capacity 104783K, committed 105048K, reserved 1140736K
  class space    used 12484K, capacity 13831K, committed 13952K, reserved 1048576K
}

