# JRE version: OpenJDK Runtime Environment (8.0_152-b01) (build 1.8.0_152-release-915-b01)
# Java VM: OpenJDK 64-Bit Server VM (25.152-b01 mixed mode windows-amd64 compressed oops)
Heap:
 PSYoungGen      total 405504K, used 135380K [0x00000000e0000000, 0x00000000fd880000, 0x0000000100000000)
  eden space 375296K, 34% used [0x00000000e0000000,0x00000000e7f0df68,0x00000000f6e80000)
  from space 30208K, 17% used [0x00000000f6e80000,0x00000000f73a7350,0x00000000f8c00000)
  to   space 29696K, 0% used [0x00000000fbb80000,0x00000000fbb80000,0x00000000fd880000)
 ParOldGen       total 111616K, used 78679K [0x00000000a0000000, 0x00000000a6d00000, 0x00000000e0000000)
  object space 111616K, 70% used [0x00000000a0000000,0x00000000a4cd5d10,0x00000000a6d00000)
 Metaspace       used 90228K, capacity 95873K, committed 96128K, reserved 1132544K
  class space    used 12059K, capacity 13392K, committed 13440K, reserved 1048576K
GC Heap History (10 events):
Event: 82.268 GC heap before
{Heap before GC invocations=17 (full 3):
 PSYoungGen      total 252928K, used 252919K [0x00000000e0000000, 0x00000000f6380000, 0x0000000100000000)
  eden space 230912K, 100% used [0x00000000e0000000,0x00000000ee180000,0x00000000ee180000)
  from space 22016K, 99% used [0x00000000ee180000,0x00000000ef6fdd88,0x00000000ef700000)
  to   space 26624K, 0% used [0x00000000f4980000,0x00000000f4980000,0x00000000f6380000)
 ParOldGen       total 77824K, used 44675K [0x00000000a0000000, 0x00000000a4c00000, 0x00000000e0000000)
  object space 77824K, 57% used [0x00000000a0000000,0x00000000a2ba0fe0,0x00000000a4c00000)
 Metaspace       used 68538K, capacity 71423K, committed 71552K, reserved 1110016K
  class space    used 9254K, capacity 10025K, committed 10112K, reserved 1048576K
Event: 82.417 GC heap after
Heap after GC invocations=17 (full 3):
 PSYoungGen      total 320000K, used 13414K [0x00000000e0000000, 0x00000000f5a80000, 0x0000000100000000)
  eden space 302592K, 0% used [0x00000000e0000000,0x00000000e0000000,0x00000000f2780000)
  from space 17408K, 77% used [0x00000000f4980000,0x00000000f5699a20,0x00000000f5a80000)
  to   space 26112K, 0% used [0x00000000f2780000,0x00000000f2780000,0x00000000f4100000)
 ParOldGen       total 77824K, used 64681K [0x00000000a0000000, 0x00000000a4c00000, 0x00000000e0000000)
  object space 77824K, 83% used [0x00000000a0000000,0x00000000a3f2a530,0x00000000a4c00000)
 Metaspace       used 68538K, capacity 71423K, committed 71552K, reserved 1110016K
  class space    used 9254K, capacity 10025K, committed 10112K, reserved 1048576K
}
Event: 82.418 GC heap before
{Heap before GC invocations=18 (full 4):
 PSYoungGen      total 320000K, used 13414K [0x00000000e0000000, 0x00000000f5a80000, 0x0000000100000000)
  eden space 302592K, 0% used [0x00000000e0000000,0x00000000e0000000,0x00000000f2780000)
  from space 17408K, 77% used [0x00000000f4980000,0x00000000f5699a20,0x00000000f5a80000)
  to   space 26112K, 0% used [0x00000000f2780000,0x00000000f2780000,0x00000000f4100000)
 ParOldGen       total 77824K, used 64681K [0x00000000a0000000, 0x00000000a4c00000, 0x00000000e0000000)
  object space 77824K, 83% used [0x00000000a0000000,0x00000000a3f2a530,0x00000000a4c00000)
 Metaspace       used 68538K, capacity 71423K, committed 71552K, reserved 1110016K
  class space    used 9254K, capacity 10025K, committed 10112K, reserved 1048576K
Event: 83.138 GC heap after
Heap after GC invocations=18 (full 4):
 PSYoungGen      total 320000K, used 0K [0x00000000e0000000, 0x00000000f5a80000, 0x0000000100000000)
  eden space 302592K, 0% used [0x00000000e0000000,0x00000000e0000000,0x00000000f2780000)
  from space 17408K, 0% used [0x00000000f4980000,0x00000000f4980000,0x00000000f5a80000)
  to   space 26112K, 0% used [0x00000000f2780000,0x00000000f2780000,0x00000000f4100000)
 ParOldGen       total 111616K, used 62032K [0x00000000a0000000, 0x00000000a6d00000, 0x00000000e0000000)
  object space 111616K, 55% used [0x00000000a0000000,0x00000000a3c940d8,0x00000000a6d00000)
 Metaspace       used 68538K, capacity 71423K, committed 71552K, reserved 1110016K
  class space    used 9254K, capacity 10025K, committed 10112K, reserved 1048576K
}
Event: 431.379 GC heap before
{Heap before GC invocations=19 (full 4):
 PSYoungGen      total 320000K, used 302592K [0x00000000e0000000, 0x00000000f5a80000, 0x0000000100000000)
  eden space 302592K, 100% used [0x00000000e0000000,0x00000000f2780000,0x00000000f2780000)
  from space 17408K, 0% used [0x00000000f4980000,0x00000000f4980000,0x00000000f5a80000)
  to   space 26112K, 0% used [0x00000000f2780000,0x00000000f2780000,0x00000000f4100000)
 ParOldGen       total 111616K, used 62032K [0x00000000a0000000, 0x00000000a6d00000, 0x00000000e0000000)
  object space 111616K, 55% used [0x00000000a0000000,0x00000000a3c940d8,0x00000000a6d00000)
 Metaspace       used 72390K, capacity 75909K, committed 76160K, reserved 1114112K
  class space    used 9680K, capacity 10568K, committed 10624K, reserved 1048576K
Event: 431.418 GC heap after
Heap after GC invocations=19 (full 4):
 PSYoungGen      total 328704K, used 10256K [0x00000000e0000000, 0x00000000fa980000, 0x0000000100000000)
  eden space 302592K, 0% used [0x00000000e0000000,0x00000000e0000000,0x00000000f2780000)
  from space 26112K, 39% used [0x00000000f2780000,0x00000000f3184320,0x00000000f4100000)
  to   space 24576K, 0% used [0x00000000f9180000,0x00000000f9180000,0x00000000fa980000)
 ParOldGen       total 111616K, used 62040K [0x00000000a0000000, 0x00000000a6d00000, 0x00000000e0000000)
  object space 111616K, 55% used [0x00000000a0000000,0x00000000a3c960d8,0x00000000a6d00000)
 Metaspace       used 72390K, capacity 75909K, committed 76160K, reserved 1114112K
  class space    used 9680K, capacity 10568K, committed 10624K, reserved 1048576K
}
Event: 490.114 GC heap before
{Heap before GC invocations=20 (full 4):
 PSYoungGen      total 328704K, used 312848K [0x00000000e0000000, 0x00000000fa980000, 0x0000000100000000)
  eden space 302592K, 100% used [0x00000000e0000000,0x00000000f2780000,0x00000000f2780000)
  from space 26112K, 39% used [0x00000000f2780000,0x00000000f3184320,0x00000000f4100000)
  to   space 24576K, 0% used [0x00000000f9180000,0x00000000f9180000,0x00000000fa980000)
 ParOldGen       total 111616K, used 62040K [0x00000000a0000000, 0x00000000a6d00000, 0x00000000e0000000)
  object space 111616K, 55% used [0x00000000a0000000,0x00000000a3c960d8,0x00000000a6d00000)
 Metaspace       used 88117K, capacity 93065K, committed 93184K, reserved 1130496K
  class space    used 11842K, capacity 13048K, committed 13056K, reserved 1048576K
Event: 490.208 GC heap after
Heap after GC invocations=20 (full 4):
 PSYoungGen      total 399360K, used 24554K [0x00000000e0000000, 0x00000000fa980000, 0x0000000100000000)
  eden space 374784K, 0% used [0x00000000e0000000,0x00000000e0000000,0x00000000f6e00000)
  from space 24576K, 99% used [0x00000000f9180000,0x00000000fa97a9e8,0x00000000fa980000)
  to   space 30208K, 0% used [0x00000000f6e80000,0x00000000f6e80000,0x00000000f8c00000)
 ParOldGen       total 111616K, used 66931K [0x00000000a0000000, 0x00000000a6d00000, 0x00000000e0000000)
  object space 111616K, 59% used [0x00000000a0000000,0x00000000a415cc40,0x00000000a6d00000)
 Metaspace       used 88117K, capacity 93065K, committed 93184K, reserved 1130496K
  class space    used 11842K, capacity 13048K, committed 13056K, reserved 1048576K
}
Event: 1138.411 GC heap before
{Heap before GC invocations=21 (full 4):
 PSYoungGen      total 399360K, used 399338K [0x00000000e0000000, 0x00000000fa980000, 0x0000000100000000)
  eden space 374784K, 100% used [0x00000000e0000000,0x00000000f6e00000,0x00000000f6e00000)
  from space 24576K, 99% used [0x00000000f9180000,0x00000000fa97a9e8,0x00000000fa980000)
  to   space 30208K, 0% used [0x00000000f6e80000,0x00000000f6e80000,0x00000000f8c00000)
 ParOldGen       total 111616K, used 66931K [0x00000000a0000000, 0x00000000a6d00000, 0x00000000e0000000)
  object space 111616K, 59% used [0x00000000a0000000,0x00000000a415cc40,0x00000000a6d00000)
 Metaspace       used 90022K, capacity 95465K, committed 95616K, reserved 1132544K
  class space    used 12039K, capacity 13356K, committed 13440K, reserved 1048576K
Event: 1138.708 GC heap after
Heap after GC invocations=21 (full 4):
 PSYoungGen      total 405504K, used 5276K [0x00000000e0000000, 0x00000000fd880000, 0x0000000100000000)
  eden space 375296K, 0% used [0x00000000e0000000,0x00000000e0000000,0x00000000f6e80000)
  from space 30208K, 17% used [0x00000000f6e80000,0x00000000f73a7350,0x00000000f8c00000)
  to   space 29696K, 0% used [0x00000000fbb80000,0x00000000fbb80000,0x00000000fd880000)
 ParOldGen       total 111616K, used 78679K [0x00000000a0000000, 0x00000000a6d00000, 0x00000000e0000000)
  object space 111616K, 70% used [0x00000000a0000000,0x00000000a4cd5d10,0x00000000a6d00000)
 Metaspace       used 90022K, capacity 95465K, committed 95616K, reserved 1132544K
  class space    used 12039K, capacity 13356K, committed 13440K, reserved 1048576K
}

